

Version:	3.50
CmdLine:	C:\Users\권대찬\IdeaProjects\Chess\Chess.exe --l4j-debug
JNI:		No
WOW64:		Yes
Working dir:	C:\Users\권대찬\IdeaProjects\Chess\.
Requires JDK:	No
Requires 64-Bit: No
Java min ver:	
Java max ver:	
Substitute:	JAVA_HOME = C:\Program Files\ojdkbuild\jdk-21_windows-x64_bin\jdk-21.0.9
Substitute:	PATH = C:\WINDOWS\system32;C:\WINDOWS;C:\WINDOWS\System32\Wbem;C:\WINDOWS\System32\WindowsPowerShell\v1.0\;C:\Program Files (x86)\Intel\Intel(R) Management Engine Components\DAL;C:\Program Files\Intel\Intel(R) Management Engine Components\DAL;C:\WINDOWS\System32\OpenSSH\;C:\Program Files\NVIDIA Corporation\NVIDIA App\NvDLISR;C:\Program Files (x86)\NVIDIA Corporation\PhysX\Common;C:\Program Files\Git\cmd;C:\MinGW\bin;C:\Strawberry\c\bin;C:\Strawberry\perl\site\bin;C:\Strawberry\perl\bin;C:\Program Files (x86)\Windows Kits\10\Windows Performance Toolkit\;C:\Program Files\dotnet\;C:\Program Files\Docker\Docker\resources\bin;JAVA_HOME%\bin;C:\Users\권대찬\AppData\Local\Microsoft\WindowsApps;C:\Users\권대찬\AppData\Local\Programs\Microsoft VS Code\bin;C:\Users\권대찬\.dotnet\tools;C:\Program Files\ojdkbuild\jdk-21_windows-x64_bin\jdk-21.0.9\bin
JRE paths:	C:\Program Files\ojdkbuild\jdk-21_windows-x64_bin\jdk-21.0.9;C:\WINDOWS\system32;C:\WINDOWS;C:\WINDOWS\System32\Wbem;C:\WINDOWS\System32\WindowsPowerShell\v1.0\;C:\Program Files (x86)\Intel\Intel(R) Management Engine Components\DAL;C:\Program Files\Intel\Intel(R) Management Engine Components\DAL;C:\WINDOWS\System32\OpenSSH\;C:\Program Files\NVIDIA Corporation\NVIDIA App\NvDLISR;C:\Program Files (x86)\NVIDIA Corporation\PhysX\Common;C:\Program Files\Git\cmd;C:\MinGW\bin;C:\Strawberry\c\bin;C:\Strawberry\perl\site\bin;C:\Strawberry\perl\bin;C:\Program Files (x86)\Windows Kits\10\Windows Performance Toolkit\;C:\Program Files\dotnet\;C:\Program Files\Docker\Docker\resources\bin;JAVA_HOME%\bin;C:\Users\권대찬\AppData\Local\Microsoft\WindowsApps;C:\Users\권대찬\AppData\Local\Programs\Microsoft VS Code\bin;C:\Users\권대찬\.dotnet\tools;C:\Program Files\ojdkbuild\jdk-21_windows-x64_bin\jdk-21.0.9\bin
Check launcher:	C:\Program Files\ojdkbuild\jdk-21_windows-x64_bin\jdk-21.0.9\bin\javaw.exe (OK)
Version string: 1.021.000_009 / 64-Bit (OK)
Launcher:	C:\Program Files\ojdkbuild\jdk-21_windows-x64_bin\jdk-21.0.9\bin\javaw.exe
Launcher args:	-jar "C:\Users\권대찬\IdeaProjects\Chess\Chess.exe"
Args length:	51/32768 chars
Exit code:	0


Version:	3.50
CmdLine:	C:\Users\권대찬\IdeaProjects\Chess\Chess.exe --l4j-debug
JNI:		No
WOW64:		Yes
Working dir:	C:\Users\권대찬\IdeaProjects\Chess\.
Requires JDK:	No
Requires 64-Bit: No
Java min ver:	
Java max ver:	
Substitute:	JAVA_HOME = C:\Program Files\ojdkbuild\jdk-21_windows-x64_bin\jdk-21.0.9
Substitute:	PATH = C:\WINDOWS\system32;C:\WINDOWS;C:\WINDOWS\System32\Wbem;C:\WINDOWS\System32\WindowsPowerShell\v1.0\;C:\Program Files (x86)\Intel\Intel(R) Management Engine Components\DAL;C:\Program Files\Intel\Intel(R) Management Engine Components\DAL;C:\WINDOWS\System32\OpenSSH\;C:\Program Files\NVIDIA Corporation\NVIDIA App\NvDLISR;C:\Program Files (x86)\NVIDIA Corporation\PhysX\Common;C:\Program Files\Git\cmd;C:\MinGW\bin;C:\Strawberry\c\bin;C:\Strawberry\perl\site\bin;C:\Strawberry\perl\bin;C:\Program Files (x86)\Windows Kits\10\Windows Performance Toolkit\;C:\Program Files\dotnet\;C:\Program Files\Docker\Docker\resources\bin;JAVA_HOME%\bin;C:\Users\권대찬\AppData\Local\Microsoft\WindowsApps;C:\Users\권대찬\AppData\Local\Programs\Microsoft VS Code\bin;C:\Users\권대찬\.dotnet\tools;C:\Program Files\ojdkbuild\jdk-21_windows-x64_bin\jdk-21.0.9\bin
JRE paths:	C:\Program Files\ojdkbuild\jdk-21_windows-x64_bin\jdk-21.0.9;C:\WINDOWS\system32;C:\WINDOWS;C:\WINDOWS\System32\Wbem;C:\WINDOWS\System32\WindowsPowerShell\v1.0\;C:\Program Files (x86)\Intel\Intel(R) Management Engine Components\DAL;C:\Program Files\Intel\Intel(R) Management Engine Components\DAL;C:\WINDOWS\System32\OpenSSH\;C:\Program Files\NVIDIA Corporation\NVIDIA App\NvDLISR;C:\Program Files (x86)\NVIDIA Corporation\PhysX\Common;C:\Program Files\Git\cmd;C:\MinGW\bin;C:\Strawberry\c\bin;C:\Strawberry\perl\site\bin;C:\Strawberry\perl\bin;C:\Program Files (x86)\Windows Kits\10\Windows Performance Toolkit\;C:\Program Files\dotnet\;C:\Program Files\Docker\Docker\resources\bin;JAVA_HOME%\bin;C:\Users\권대찬\AppData\Local\Microsoft\WindowsApps;C:\Users\권대찬\AppData\Local\Programs\Microsoft VS Code\bin;C:\Users\권대찬\.dotnet\tools;C:\Program Files\ojdkbuild\jdk-21_windows-x64_bin\jdk-21.0.9\bin
Check launcher:	C:\Program Files\ojdkbuild\jdk-21_windows-x64_bin\jdk-21.0.9\bin\javaw.exe (OK)
Version string: 1.021.000_009 / 64-Bit (OK)
Launcher:	C:\Program Files\ojdkbuild\jdk-21_windows-x64_bin\jdk-21.0.9\bin\javaw.exe
Launcher args:	-jar "C:\Users\권대찬\IdeaProjects\Chess\Chess.exe"
Args length:	51/32768 chars
Exit code:	0


Version:	3.50
CmdLine:	C:\Users\권대찬\IdeaProjects\Chess\Chess.exe --l4j-debug
JNI:		No
WOW64:		Yes
Working dir:	C:\Users\권대찬\IdeaProjects\Chess\.
Requires JDK:	No
Requires 64-Bit: No
Java min ver:	
Java max ver:	
Substitute:	JAVA_HOME = C:\Program Files\ojdkbuild\jdk-21_windows-x64_bin\jdk-21.0.9
Substitute:	PATH = C:\WINDOWS\system32;C:\WINDOWS;C:\WINDOWS\System32\Wbem;C:\WINDOWS\System32\WindowsPowerShell\v1.0\;C:\Program Files (x86)\Intel\Intel(R) Management Engine Components\DAL;C:\Program Files\Intel\Intel(R) Management Engine Components\DAL;C:\WINDOWS\System32\OpenSSH\;C:\Program Files\NVIDIA Corporation\NVIDIA App\NvDLISR;C:\Program Files (x86)\NVIDIA Corporation\PhysX\Common;C:\Program Files\Git\cmd;C:\MinGW\bin;C:\Strawberry\c\bin;C:\Strawberry\perl\site\bin;C:\Strawberry\perl\bin;C:\Program Files (x86)\Windows Kits\10\Windows Performance Toolkit\;C:\Program Files\dotnet\;C:\Program Files\Docker\Docker\resources\bin;JAVA_HOME%\bin;C:\Users\권대찬\AppData\Local\Microsoft\WindowsApps;C:\Users\권대찬\AppData\Local\Programs\Microsoft VS Code\bin;C:\Users\권대찬\.dotnet\tools;C:\Program Files\ojdkbuild\jdk-21_windows-x64_bin\jdk-21.0.9\bin
JRE paths:	C:\Program Files\ojdkbuild\jdk-21_windows-x64_bin\jdk-21.0.9;C:\WINDOWS\system32;C:\WINDOWS;C:\WINDOWS\System32\Wbem;C:\WINDOWS\System32\WindowsPowerShell\v1.0\;C:\Program Files (x86)\Intel\Intel(R) Management Engine Components\DAL;C:\Program Files\Intel\Intel(R) Management Engine Components\DAL;C:\WINDOWS\System32\OpenSSH\;C:\Program Files\NVIDIA Corporation\NVIDIA App\NvDLISR;C:\Program Files (x86)\NVIDIA Corporation\PhysX\Common;C:\Program Files\Git\cmd;C:\MinGW\bin;C:\Strawberry\c\bin;C:\Strawberry\perl\site\bin;C:\Strawberry\perl\bin;C:\Program Files (x86)\Windows Kits\10\Windows Performance Toolkit\;C:\Program Files\dotnet\;C:\Program Files\Docker\Docker\resources\bin;JAVA_HOME%\bin;C:\Users\권대찬\AppData\Local\Microsoft\WindowsApps;C:\Users\권대찬\AppData\Local\Programs\Microsoft VS Code\bin;C:\Users\권대찬\.dotnet\tools;C:\Program Files\ojdkbuild\jdk-21_windows-x64_bin\jdk-21.0.9\bin
Check launcher:	C:\Program Files\ojdkbuild\jdk-21_windows-x64_bin\jdk-21.0.9\bin\javaw.exe (OK)
Version string: 1.021.000_009 / 64-Bit (OK)
Launcher:	C:\Program Files\ojdkbuild\jdk-21_windows-x64_bin\jdk-21.0.9\bin\javaw.exe
Launcher args:	-jar "C:\Users\권대찬\IdeaProjects\Chess\Chess.exe"
Args length:	51/32768 chars
Exit code:	0
